TN:
SF:/Users/anthonysmothers/projects/atelljohannsmothers/protractor-jasmine2-parallel-html-reporter/lib/protractor-jasmine2-parallel-html-reporter.js
FN:17,(anonymous_0)
FN:20,(anonymous_1)
FN:25,(anonymous_2)
FN:37,(anonymous_3)
FNF:4
FNH:4
FNDA:6,(anonymous_0)
FNDA:1,(anonymous_1)
FNDA:1,(anonymous_2)
FNDA:6,(anonymous_3)
DA:14,4
DA:18,6
DA:21,1
DA:22,1
DA:23,1
DA:26,1
DA:27,1
DA:28,1
DA:31,1
DA:32,1
DA:35,1
DA:38,6
DA:39,1
DA:41,5
DA:42,1
DA:44,4
LF:16
LH:16
BRDA:17,0,0,4
BRDA:27,1,0,1
BRDA:27,1,1,0
BRDA:31,2,0,1
BRDA:31,2,1,0
BRDA:38,3,0,1
BRDA:38,3,1,5
BRDA:41,4,0,1
BRDA:41,4,1,4
BRF:9
BRH:7
end_of_record
TN:
SF:/Users/anthonysmothers/projects/atelljohannsmothers/protractor-jasmine2-parallel-html-reporter/lib/builders/protractor-jasmine2-parallel-html-reporter-builder.js
FN:6,unsetSavePath
FNF:1
FNH:1
FNDA:1,unsetSavePath
DA:4,4
DA:7,1
DA:12,1
DA:19,1
DA:20,1
DA:23,1
DA:24,1
LF:7
LH:7
BRF:0
BRH:0
end_of_record
TN:
SF:/Users/anthonysmothers/projects/atelljohannsmothers/protractor-jasmine2-parallel-html-reporter/lib/classes/report.js
FN:2,(anonymous_0)
FN:6,(anonymous_1)
FN:9,(anonymous_2)
FNF:3
FNH:3
FNDA:12,(anonymous_0)
FNDA:12,(anonymous_1)
FNDA:12,(anonymous_2)
DA:3,12
DA:4,12
DA:7,12
DA:10,12
LF:4
LH:4
BRF:0
BRH:0
end_of_record
TN:
SF:/Users/anthonysmothers/projects/atelljohannsmothers/protractor-jasmine2-parallel-html-reporter/lib/consolidators/report-consolidator.js
FNF:0
FNH:0
DA:5,12
LF:1
LH:1
BRF:0
BRH:0
end_of_record
TN:
SF:/Users/anthonysmothers/projects/atelljohannsmothers/protractor-jasmine2-parallel-html-reporter/lib/consolidators/reports-consolidator.js
FNF:0
FNH:0
DA:5,1
LF:1
LH:1
BRF:0
BRH:0
end_of_record
TN:
SF:/Users/anthonysmothers/projects/atelljohannsmothers/protractor-jasmine2-parallel-html-reporter/lib/filters/entries/is-report-directory.js
FN:6,isReportDirectory
FNF:1
FNH:1
FNDA:1,isReportDirectory
DA:7,1
LF:1
LH:1
BRF:0
BRH:0
end_of_record
TN:
SF:/Users/anthonysmothers/projects/atelljohannsmothers/protractor-jasmine2-parallel-html-reporter/lib/filters/entry/is-directory.js
FN:1,(anonymous_0)
FNF:1
FNH:1
FNDA:141,(anonymous_0)
DA:1,141
LF:1
LH:1
BRF:0
BRH:0
end_of_record
TN:
SF:/Users/anthonysmothers/projects/atelljohannsmothers/protractor-jasmine2-parallel-html-reporter/lib/filters/entry/is-subdirectory-count.js
FN:1,(anonymous_0)
FN:1,(anonymous_1)
FNF:2
FNH:2
FNDA:1,(anonymous_0)
FNDA:21,(anonymous_1)
DA:1,1
DA:2,21
LF:2
LH:2
BRF:0
BRH:0
end_of_record
TN:
SF:/Users/anthonysmothers/projects/atelljohannsmothers/protractor-jasmine2-parallel-html-reporter/lib/services/capability.js
FNF:0
FNH:0
DA:3,1
LF:1
LH:1
BRF:0
BRH:0
end_of_record
TN:
SF:/Users/anthonysmothers/projects/atelljohannsmothers/protractor-jasmine2-parallel-html-reporter/lib/services/entries.js
FN:5,(anonymous_0)
FNF:1
FNH:1
FNDA:1,(anonymous_0)
DA:5,1
DA:7,1
DA:8,1
DA:10,0
DA:12,1
LF:5
LH:4
BRF:0
BRH:0
end_of_record
TN:
SF:/Users/anthonysmothers/projects/atelljohannsmothers/protractor-jasmine2-parallel-html-reporter/lib/services/jasmine-reporters.js
FNF:0
FNH:0
DA:3,1
LF:1
LH:1
BRF:0
BRH:0
end_of_record
TN:
SF:/Users/anthonysmothers/projects/atelljohannsmothers/protractor-jasmine2-parallel-html-reporter/lib/services/reports-directory.js
FNF:0
FNH:0
DA:1,4
DA:5,12
DA:8,4
LF:3
LH:3
BRF:0
BRH:0
end_of_record
TN:
SF:/Users/anthonysmothers/projects/atelljohannsmothers/protractor-jasmine2-parallel-html-reporter/lib/services/temporary-directory.js
FNF:0
FNH:0
DA:3,4
DA:7,14
DA:10,1
LF:3
LH:3
BRF:0
BRH:0
end_of_record
TN:
SF:/Users/anthonysmothers/projects/atelljohannsmothers/protractor-jasmine2-parallel-html-reporter/lib/services/temporary-report-directories.js
FNF:0
FNH:0
DA:7,1
LF:1
LH:1
BRF:0
BRH:0
end_of_record
TN:
SF:/Users/anthonysmothers/projects/atelljohannsmothers/protractor-jasmine2-parallel-html-reporter/lib/transformers/capability-transformer.js
FNF:0
FNH:0
DA:7,1
LF:1
LH:1
BRF:0
BRH:0
end_of_record
TN:
SF:/Users/anthonysmothers/projects/atelljohannsmothers/protractor-jasmine2-parallel-html-reporter/lib/transformers/relative-path-transformer.js
FN:17,toReportName
FNF:1
FNH:1
FNDA:12,toReportName
DA:5,4
DA:6,4
DA:10,12
DA:13,12
DA:18,12
LF:5
LH:5
BRF:0
BRH:0
end_of_record
TN:
SF:/Users/anthonysmothers/projects/atelljohannsmothers/protractor-jasmine2-parallel-html-reporter/lib/transformers/temporary-report-directories-transformer.js
FNF:0
FNH:0
DA:5,1
LF:1
LH:1
BRF:0
BRH:0
end_of_record
TN:
SF:/Users/anthonysmothers/projects/atelljohannsmothers/protractor-jasmine2-parallel-html-reporter/lib/transformers/temporary-report-directory-transformer.js
FNF:0
FNH:0
DA:6,12
DA:7,12
DA:12,12
DA:17,12
LF:4
LH:4
BRF:0
BRH:0
end_of_record
